<?xml version="1.0" encoding="UTF-8"?>
<!-- Generated by org.testng.reporters.JUnitXMLReporter -->
<testsuite ignored="0" hostname="LAPTOP-ICUMAH5U" failures="0" tests="2" name="ErrorValidation" time="66.593" errors="0" timestamp="2024-07-31T11:16:10 IST">
  <testcase classname="Company1.Tests.ErrorValidationTest" name="ValidateEmailErrorMsg" time="3.338"/>
  <testcase classname="Company1.Tests.ErrorValidationTest" name="ValidateMobileErrorMsg" time="4.413"/>
</testsuite> <!-- ErrorValidation -->
