<?xml version="1.0" encoding="UTF-8"?>
<!-- Generated by org.testng.reporters.JUnitXMLReporter -->
<testsuite ignored="0" hostname="LAPTOP-ICUMAH5U" failures="0" tests="4" name="SubmitOrderTest" time="216.197" errors="0" timestamp="2024-07-31T11:18:35 IST">
  <testcase classname="Company1.Tests.SubmitOrderTest" name="submitOrder" time="12.542">
    <skipped/>
  </testcase> <!-- submitOrder -->
  <testcase classname="Company1.Tests.SubmitOrderTest" name="submitOrder" time="35.087"/>
  <testcase classname="Company1.Tests.SubmitOrderTest" name="submitOrder" time="12.256">
    <skipped/>
  </testcase> <!-- submitOrder -->
  <testcase classname="Company1.Tests.SubmitOrderTest" name="submitOrder" time="35.224"/>
</testsuite> <!-- SubmitOrderTest -->
