<?xml version="1.0" encoding="UTF-8"?>
<!-- Generated by org.testng.reporters.JUnitXMLReporter -->
<testsuite ignored="0" hostname="LAPTOP-ICUMAH5U" failures="0" tests="2" name="ErrorValidation" time="58.673" errors="0" timestamp="2024-07-31T17:10:14 IST">
  <testcase classname="Company1.Tests.ErrorValidationTest" name="ValidateEmailErrorMsg" time="3.659"/>
  <testcase classname="Company1.Tests.ErrorValidationTest" name="ValidateMobileErrorMsg" time="17.0"/>
</testsuite> <!-- ErrorValidation -->
