<?xml version="1.0" encoding="UTF-8"?>
<!-- Generated by org.testng.reporters.JUnitXMLReporter -->
<testsuite ignored="0" hostname="LAPTOP-ICUMAH5U" failures="0" tests="15" name="SubmitOrderTest" time="797.254" errors="0" timestamp="2024-07-31T17:04:08 IST">
  <testcase classname="Company1.Tests.SubmitOrderTest" name="submitOrder" time="108.946">
    <skipped/>
  </testcase> <!-- submitOrder -->
  <testcase classname="Company1.Tests.SubmitOrderTest" name="submitOrder" time="10.64">
    <skipped/>
  </testcase> <!-- submitOrder -->
  <testcase classname="Company1.Tests.SubmitOrderTest" name="submitOrder" time="30.701">
    <skipped/>
  </testcase> <!-- submitOrder -->
  <testcase classname="Company1.Tests.SubmitOrderTest" name="submitOrder" time="25.158">
    <skipped/>
  </testcase> <!-- submitOrder -->
  <testcase classname="Company1.Tests.SubmitOrderTest" name="submitOrder" time="40.786">
    <skipped/>
  </testcase> <!-- submitOrder -->
  <testcase classname="Company1.Tests.SubmitOrderTest" name="submitOrder" time="59.355"/>
  <testcase classname="Company1.Tests.SubmitOrderTest" name="submitOrder" time="0.009">
    <skipped/>
  </testcase> <!-- submitOrder -->
  <testcase classname="Company1.Tests.SubmitOrderTest" name="submitOrder" time="36.43">
    <skipped/>
  </testcase> <!-- submitOrder -->
  <testcase classname="Company1.Tests.SubmitOrderTest" name="submitOrder" time="0.009">
    <skipped/>
  </testcase> <!-- submitOrder -->
  <testcase classname="Company1.Tests.SubmitOrderTest" name="submitOrder" time="0.013">
    <skipped/>
  </testcase> <!-- submitOrder -->
  <testcase classname="Company1.Tests.SubmitOrderTest" name="submitOrder" time="0.012">
    <skipped/>
  </testcase> <!-- submitOrder -->
  <testcase classname="Company1.Tests.SubmitOrderTest" name="submitOrder" time="0.021">
    <skipped/>
  </testcase> <!-- submitOrder -->
  <testcase classname="Company1.Tests.SubmitOrderTest" name="submitOrder" time="0.009">
    <skipped/>
  </testcase> <!-- submitOrder -->
  <testcase classname="Company1.Tests.SubmitOrderTest" name="submitOrder" time="0.055">
    <skipped/>
  </testcase> <!-- submitOrder -->
  <testcase classname="Company1.Tests.SubmitOrderTest" name="submitOrder" time="41.271"/>
</testsuite> <!-- SubmitOrderTest -->
