<?xml version="1.0" encoding="UTF-8"?>
<testng-results ignored="0" total="2" passed="2" failed="0" skipped="0">
  <reporter-output>
  </reporter-output>
  <suite started-at="2024-07-31T17:09:15 IST" name="Suite" finished-at="2024-07-31T17:10:13 IST" duration-ms="58673">
    <groups>
      <group name="ErrorHandeling">
        <method signature="ErrorValidationTest.ValidateEmailErrorMsg()[pri:0, instance:Company1.Tests.ErrorValidationTest@1725dc0f]" name="ValidateEmailErrorMsg" class="Company1.Tests.ErrorValidationTest"/>
        <method signature="ErrorValidationTest.ValidateMobileErrorMsg()[pri:0, instance:Company1.Tests.ErrorValidationTest@1725dc0f]" name="ValidateMobileErrorMsg" class="Company1.Tests.ErrorValidationTest"/>
      </group> <!-- ErrorHandeling -->
    </groups>
    <test started-at="2024-07-31T17:09:15 IST" name="ErrorValidation" finished-at="2024-07-31T17:10:13 IST" duration-ms="58673">
      <class name="Company1.Tests.ErrorValidationTest">
        <test-method is-config="true" signature="launchApplication()[pri:0, instance:Company1.Tests.ErrorValidationTest@1725dc0f]" started-at="2024-07-31T17:09:15 IST" name="launchApplication" finished-at="2024-07-31T17:09:43 IST" duration-ms="27748" status="PASS">
          <reporter-output>
          </reporter-output>
        </test-method> <!-- launchApplication -->
        <test-method signature="ValidateEmailErrorMsg()[pri:0, instance:Company1.Tests.ErrorValidationTest@1725dc0f]" started-at="2024-07-31T17:09:43 IST" name="ValidateEmailErrorMsg" finished-at="2024-07-31T17:09:46 IST" duration-ms="3659" status="PASS">
          <reporter-output>
          </reporter-output>
        </test-method> <!-- ValidateEmailErrorMsg -->
        <test-method is-config="true" signature="launchApplication()[pri:0, instance:Company1.Tests.ErrorValidationTest@1725dc0f]" started-at="2024-07-31T17:09:46 IST" name="launchApplication" finished-at="2024-07-31T17:09:56 IST" duration-ms="10210" status="PASS">
          <reporter-output>
          </reporter-output>
        </test-method> <!-- launchApplication -->
        <test-method signature="ValidateMobileErrorMsg()[pri:0, instance:Company1.Tests.ErrorValidationTest@1725dc0f]" started-at="2024-07-31T17:09:56 IST" name="ValidateMobileErrorMsg" finished-at="2024-07-31T17:10:13 IST" duration-ms="17000" status="PASS">
          <reporter-output>
          </reporter-output>
        </test-method> <!-- ValidateMobileErrorMsg -->
      </class> <!-- Company1.Tests.ErrorValidationTest -->
    </test> <!-- ErrorValidation -->
  </suite> <!-- Suite -->
</testng-results>
